<?xml version="1.0" encoding="UTF-8" ?>
<testsuite 
errors="0" failures="0" hostname="Think-book" name="org.scalatest.tools.DiscoverySuite" tests="0" time="0.037" timestamp="2015-06-19T17:23:11">
  <properties>
    <property name="java.runtime.name" value="Java(TM) SE Runtime Environment">
    </property>
    <property 
    name="sun.boot.library.path" value="c:\Program Files\Java\jdk1.7.0_79\jre\bin">
</property>
    <property name="java.vm.version" value="24.79-b02"> </property>
    <property name="java.vm.vendor" value="Oracle Corporation"> </property>
    <property name="java.vendor.url" value="http://java.oracle.com/">
    </property>
    <property name="path.separator" value=";"> </property>
    <property name="java.vm.name" value="Java HotSpot(TM) 64-Bit Server VM">
    </property>
    <property name="file.encoding.pkg" value="sun.io"> </property>
    <property name="user.script" value=""> </property>
    <property name="user.country" value="US"> </property>
    <property name="sun.java.launcher" value="SUN_STANDARD"> </property>
    <property name="sun.os.patch.level" value=""> </property>
    <property 
    name="java.vm.specification.name" value="Java Virtual Machine Specification">
</property>
    <property name="user.dir" value="C:\workset\projects\akka\PrimeNumbers">
    </property>
    <property name="java.runtime.version" value="1.7.0_79-b15"> </property>
    <property 
    name="java.awt.graphicsenv" value="sun.awt.Win32GraphicsEnvironment">
</property>
    <property name="basedir" value="C:\workset\projects\akka\PrimeNumbers">
    </property>
    <property 
    name="java.endorsed.dirs" value="c:\Program Files\Java\jdk1.7.0_79\jre\lib\endorsed">
</property>
    <property name="os.arch" value="amd64"> </property>
    <property name="java.io.tmpdir" value="C:\Users\Erik\AppData\Local\Temp\">
    </property>
    <property name="line.separator" value=" "> </property>
    <property name="java.vm.specification.vendor" value="Oracle Corporation">
    </property>
    <property name="user.variant" value=""> </property>
    <property name="os.name" value="Windows 8.1"> </property>
    <property name="sun.jnu.encoding" value="Cp1252"> </property>
    <property 
    name="java.library.path" value="c:\Program Files\Java\jdk1.7.0_79\bin;C:\WINDOWS\Sun\Java\bin;C:\WINDOWS\system32;C:\WINDOWS;c:\Program Files\Java\jdk1.7.0_79\bin;C:\ProgramData\Oracle\Java\javapath;C:\WINDOWS\system32;C:\WINDOWS;C:\WINDOWS\System32\Wbem;C:\WINDOWS\System32\WindowsPowerShell\v1.0\;C:\Program Files (x86)\Windows Kits\8.1\Windows Performance Toolkit\;C:\Program Files\Microsoft SQL Server\110\Tools\Binn\;C:\Program Files (x86)\Windows Live\Shared;C:\Program Files (x86)\Microsoft SDKs\TypeScript\1.0\;C:\Program Files\Microsoft SQL Server\120\Tools\Binn\;C:\dev\tools\apache-maven-3.2.5\bin;C:\Program Files (x86)\QuickTime\QTSystem\;C:\Python27;C:\MinGW\bin;C:\Program Files\nodejs\;C:\Program Files (x86)\Skype\Phone\;C:\Program Files (x86)\Git\cmd;C:\dev\tools\scala\bin;C:\Program Files (x86)\sbt\bin;C:\dev\tools\hadoop\bin;C:\Program Files (x86)\Nmap;.">
</property>
    <property 
    name="java.specification.name" value="Java Platform API Specification">
</property>
    <property name="java.class.version" value="51.0"> </property>
    <property 
    name="sun.management.compiler" value="HotSpot 64-Bit Tiered Compilers">
</property>
    <property name="os.version" value="6.3"> </property>
    <property name="user.home" value="C:\Users\Erik"> </property>
    <property name="user.timezone" value=""> </property>
    <property name="java.awt.printerjob" value="sun.awt.windows.WPrinterJob">
    </property>
    <property name="file.encoding" value="Cp1252"> </property>
    <property name="java.specification.version" value="1.7"> </property>
    <property name="user.name" value="Erik"> </property>
    <property 
    name="java.class.path" value="C:\workset\projects\akka\PrimeNumbers\target\test-classes;C:\workset\projects\akka\PrimeNumbers\target\classes;C:\Users\Erik\.m2\repository\org\scala-lang\scala-library\2.10.4\scala-library-2.10.4.jar;C:\Users\Erik\.m2\repository\org\scalatest\scalatest_2.10\2.1.2\scalatest_2.10-2.1.2.jar;C:\Users\Erik\.m2\repository\org\scala-lang\scala-reflect\2.10.3\scala-reflect-2.10.3.jar;C:\Users\Erik\.m2\repository\org\slf4j\slf4j-api\1.6.4\slf4j-api-1.6.4.jar;C:\Users\Erik\.m2\repository\ch\qos\logback\logback-classic\1.0.1\logback-classic-1.0.1.jar;C:\Users\Erik\.m2\repository\ch\qos\logback\logback-core\1.0.1\logback-core-1.0.1.jar;C:\Users\Erik\.m2\repository\junit\junit\4.10\junit-4.10.jar;C:\Users\Erik\.m2\repository\org\hamcrest\hamcrest-core\1.1\hamcrest-core-1.1.jar;C:\Users\Erik\.m2\repository\com\typesafe\akka\akka-actor_2.10\2.1.4\akka-actor_2.10-2.1.4.jar;C:\Users\Erik\.m2\repository\com\typesafe\config\1.0.0\config-1.0.0.jar;C:\Users\Erik\.m2\repository\com\typesafe\akka\akka-remote_2.10\2.1.4\akka-remote_2.10-2.1.4.jar;C:\Users\Erik\.m2\repository\io\netty\netty\3.5.8.Final\netty-3.5.8.Final.jar;C:\Users\Erik\.m2\repository\com\google\protobuf\protobuf-java\2.4.1\protobuf-java-2.4.1.jar;C:\Users\Erik\.m2\repository\org\uncommons\maths\uncommons-maths\1.2.2a\uncommons-maths-1.2.2a.jar;C:\Users\Erik\.m2\repository\com\typesafe\akka\akka-kernel_2.10\2.1.4\akka-kernel_2.10-2.1.4.jar">
</property>
    <property name="java.vm.specification.version" value="1.7"> </property>
    <property name="sun.arch.data.model" value="64"> </property>
    <property name="java.home" value="c:\Program Files\Java\jdk1.7.0_79\jre">
    </property>
    <property 
    name="sun.java.command" value="org.scalatest.tools.Runner -R C:\workset\projects\akka\PrimeNumbers\target\classes C:\workset\projects\akka\PrimeNumbers\target\test-classes -oWD -fWDF C:\workset\projects\akka\PrimeNumbers\target\surefire-reports\TestSuite.txt -u C:\workset\projects\akka\PrimeNumbers\target\surefire-reports\.">
</property>
    <property name="java.specification.vendor" value="Oracle Corporation">
    </property>
    <property name="user.language" value="en"> </property>
    <property name="awt.toolkit" value="sun.awt.windows.WToolkit"> </property>
    <property name="java.vm.info" value="mixed mode"> </property>
    <property name="java.version" value="1.7.0_79"> </property>
    <property 
    name="java.ext.dirs" value="c:\Program Files\Java\jdk1.7.0_79\jre\lib\ext;C:\WINDOWS\Sun\Java\lib\ext">
</property>
    <property 
    name="sun.boot.class.path" value="c:\Program Files\Java\jdk1.7.0_79\jre\lib\resources.jar;c:\Program Files\Java\jdk1.7.0_79\jre\lib\rt.jar;c:\Program Files\Java\jdk1.7.0_79\jre\lib\sunrsasign.jar;c:\Program Files\Java\jdk1.7.0_79\jre\lib\jsse.jar;c:\Program Files\Java\jdk1.7.0_79\jre\lib\jce.jar;c:\Program Files\Java\jdk1.7.0_79\jre\lib\charsets.jar;c:\Program Files\Java\jdk1.7.0_79\jre\lib\jfr.jar;c:\Program Files\Java\jdk1.7.0_79\jre\classes">
</property>
    <property name="java.vendor" value="Oracle Corporation"> </property>
    <property name="file.separator" value="\"> </property>
    <property 
    name="java.vendor.url.bug" value="http://bugreport.sun.com/bugreport/">
</property>
    <property name="sun.cpu.endian" value="little"> </property>
    <property name="sun.io.unicode.encoding" value="UnicodeLittle"> </property>
    <property name="sun.desktop" value="windows"> </property>
    <property name="sun.cpu.isalist" value="amd64"> </property>
  </properties>
  <system-out><![CDATA[]]></system-out>
  <system-err><![CDATA[]]></system-err>
</testsuite>
